0 info it worked if it ends with ok
1 verbose cli [ 'node', '/usr/local/bin/npm', 'install', '-g' ]
2 info using npm@2.5.1
3 info using node@v0.12.0
4 silly cache add args [ '.', null ]
5 verbose cache add spec .
6 silly cache add parsed spec { raw: '.',
6 silly cache add   scope: null,
6 silly cache add   name: null,
6 silly cache add   rawSpec: '.',
6 silly cache add   spec: '/usr/local/lib/node_modules/pushbots-cli',
6 silly cache add   type: 'directory' }
7 verbose addLocalDirectory /Users/amrsobhy/.npm/pushbots-cli/0.0.1/package.tgz not in flight; packing
8 verbose tar pack [ '/Users/amrsobhy/.npm/pushbots-cli/0.0.1/package.tgz',
8 verbose tar pack   '/usr/local/lib/node_modules/pushbots-cli' ]
9 verbose tarball /Users/amrsobhy/.npm/pushbots-cli/0.0.1/package.tgz
10 verbose folder /usr/local/lib/node_modules/pushbots-cli
11 info prepublish pushbots-cli@0.0.1
12 verbose addLocalTarball adding from inside cache /Users/amrsobhy/.npm/pushbots-cli/0.0.1/package.tgz
13 silly cache afterAdd pushbots-cli@0.0.1
14 verbose afterAdd /Users/amrsobhy/.npm/pushbots-cli/0.0.1/package/package.json not in flight; writing
15 verbose afterAdd /Users/amrsobhy/.npm/pushbots-cli/0.0.1/package/package.json written
16 silly install resolved [ { name: 'pushbots-cli',
16 silly install resolved     version: '0.0.1',
16 silly install resolved     description: 'PushBots command line tool',
16 silly install resolved     bin: { pushbots: './bin/pushbots' },
16 silly install resolved     contributors: [ [Object] ],
16 silly install resolved     scripts: { test: 'mocha -R spec' },
16 silly install resolved     author:
16 silly install resolved      { name: 'PushBots',
16 silly install resolved        email: 'info@pushbots.com',
16 silly install resolved        url: 'http://pushbots.com' },
16 silly install resolved     repository: { type: 'git', url: 'https://github.com/pushbots/pushbots-cli' },
16 silly install resolved     license: 'MIT',
16 silly install resolved     bugs: { url: 'https://github.com/pushbots/pushbots-cli/issues' },
16 silly install resolved     dependencies:
16 silly install resolved      { autocmdr: '~0.0.4',
16 silly install resolved        'cli-color': '^1.0.0',
16 silly install resolved        'cli-spinner': '^0.2.1',
16 silly install resolved        commander: '~2.0.0',
16 silly install resolved        figlet: '^1.1.0',
16 silly install resolved        'follow-redirects': '0.0.3',
16 silly install resolved        jsonfile: '^2.0.0',
16 silly install resolved        libxmljs: '*',
16 silly install resolved        'node-dir': '^0.1.8',
16 silly install resolved        prompt: '^0.2.14',
16 silly install resolved        'pushbots-api': '0.0.1',
16 silly install resolved        request: '^2.55.0',
16 silly install resolved        temp: '^0.8.1',
16 silly install resolved        underscore: '^1.8.3',
16 silly install resolved        unzip: '^0.1.11' },
16 silly install resolved     devDependencies: {},
16 silly install resolved     readmeFilename: 'Readme.md',
16 silly install resolved     readme: '# PushBots CLI\n\nPushBots command line interface.\n\n# Usage\n\nTo install pushbots-cli from npm, run:\n\n```\n$ npm install -g pushbots-cli\n```\n\n```pushbots --help```\n\n\n# Acknowledgments\n\nBuilt using [generator-commader](https://github.com/Hypercubed/generator-commander).\n\nThanks for [@drmas](https://github.com/drmas) for his contributions.\n\n# License\n\nCopyright (c) 2015 PushBots\n\n[MIT License](http://en.wikipedia.org/wiki/MIT_License)\n',
16 silly install resolved     gitHead: '378a3b8c862c6abc55f3632a0813bf6f53758a1e',
16 silly install resolved     homepage: 'https://github.com/pushbots/pushbots-cli',
16 silly install resolved     _id: 'pushbots-cli@0.0.1',
16 silly install resolved     _shasum: 'e70635818be53d3fbf9077515d3c055be356c2a3',
16 silly install resolved     _from: 'lib/node_modules/pushbots-cli',
16 silly install resolved     _resolved: 'file:lib/node_modules/pushbots-cli' } ]
17 info install pushbots-cli@0.0.1 into /usr/local/lib
18 info installOne pushbots-cli@0.0.1
19 verbose installOne of pushbots-cli to /usr/local/lib not in flight; installing
20 verbose lock using /Users/amrsobhy/.npm/_locks/pushbots-cli-8ddb94c5420d4799.lock for /usr/local/lib/node_modules/pushbots-cli
21 verbose unlock done using /Users/amrsobhy/.npm/_locks/pushbots-cli-8ddb94c5420d4799.lock for /usr/local/lib/node_modules/pushbots-cli
22 verbose stack Error: Appears to be a git repo or submodule.
22 verbose stack     at /usr/local/lib/node_modules/npm/node_modules/npm-install-checks/index.js:139:15
22 verbose stack     at FSReqWrap.oncomplete (fs.js:99:15)
23 verbose cwd /usr/local/lib/node_modules/pushbots-cli
24 error Darwin 14.3.0
25 error argv "node" "/usr/local/bin/npm" "install" "-g"
26 error node v0.12.0
27 error npm  v2.5.1
28 error path /usr/local/lib/node_modules/pushbots-cli
29 error code EISGIT
30 error git Appears to be a git repo or submodule.
30 error git     /usr/local/lib/node_modules/pushbots-cli
30 error git Refusing to remove it. Update manually,
30 error git or move it out of the way first.
31 verbose exit [ 1, true ]
